<?xml version="1.0" encoding="UTF-8"?>
<!-- Generated by org.testng.reporters.JUnitXMLReporter -->
<testsuite hostname="DESKTOP-TQEA3MJ" ignored="0" name="Testannotations" tests="4" failures="0" timestamp="09 Nov 2018 15:48:40 GMT" time="0.036" errors="0">
  <testcase name="test11" time="0.004" classname="com.skerp.qa.pagetest.Parent"/>
  <testcase name="test2" time="0.001" classname="com.skerp.qa.pagetest.Parent"/>
  <testcase name="test11" time="0.0" classname="com.skerp.qa.pagetest.Test1"/>
  <testcase name="test2" time="0.001" classname="com.skerp.qa.pagetest.Test1"/>
</testsuite> <!-- Testannotations -->
